<?xml version="1.0" encoding="UTF-8"?>
<!-- Generated by org.testng.reporters.JUnitReportReporter -->
<testsuite skipped="0" hostname="DESKTOP-NFU91QR" name="Sample" tests="2" failures="0" timestamp="2022-07-19T15:25:20 IST" time="13.528" errors="0">
  <testcase name="launchBrowser" time="8.188" classname="Sample"/>
  <system-out/>
  <testcase name="searchGoogle" time="5.340" classname="Sample"/>
  <system-out/>
</testsuite> <!-- Sample -->
